[2019-04-06T14:21:40.021] [INFO] access - ::1 - - "POST /api/bom/add HTTP/1.1" 500 1567 "" "PostmanRuntime/7.6.1"
[2019-04-06T14:29:25.390] [INFO] access - ::1 - - "POST /api/bom/add HTTP/1.1" 500 1567 "" "PostmanRuntime/7.6.1"
[2019-04-06T14:30:07.810] [INFO] access - ::1 - - "POST /api/bom/add HTTP/1.1" 500 1567 "" "PostmanRuntime/7.6.1"
[2019-04-06T14:30:48.336] [INFO] access - ::1 - - "POST /api/bom/add HTTP/1.1" 500 1567 "" "PostmanRuntime/7.6.1"
[2019-04-06T14:36:35.407] [INFO] access - ::1 - - "POST /api/bom/add HTTP/1.1" 500 1567 "" "PostmanRuntime/7.6.1"
[2019-04-06T14:38:42.317] [INFO] access - ::1 - - "POST /api/bom/add HTTP/1.1" 500 1567 "" "PostmanRuntime/7.6.1"
[2019-04-06T14:40:49.232] [INFO] access - ::1 - - "POST /api/bom/add HTTP/1.1" 500 1567 "" "PostmanRuntime/7.6.1"
[2019-04-06T14:42:16.775] [INFO] access - ::1 - - "POST /api/bom/add HTTP/1.1" 500 1567 "" "PostmanRuntime/7.6.1"
[2019-04-06T14:43:00.384] [INFO] access - ::1 - - "POST /api/bom/add HTTP/1.1" 500 1567 "" "PostmanRuntime/7.6.1"
[2019-04-06T14:43:18.973] [INFO] access - ::1 - - "POST /api/bom/add HTTP/1.1" 200 200 "" "PostmanRuntime/7.6.1"
[2019-04-06T14:43:33.974] [INFO] access - ::1 - - "GET / HTTP/1.1" 200 478 "" "Mozilla/5.0 (Windows NT 6.1; WOW64) AppleWebKit/537.36 (KHTML, like Gecko) Chrome/72.0.3626.121 Safari/537.36"
[2019-04-06T14:43:42.047] [INFO] access - ::1 - - "GET /boms HTTP/1.1" 200 7776 "http://localhost:3000/" "Mozilla/5.0 (Windows NT 6.1; WOW64) AppleWebKit/537.36 (KHTML, like Gecko) Chrome/72.0.3626.121 Safari/537.36"
[2019-04-06T14:43:42.613] [INFO] access - ::1 - - "GET /api/bom/list HTTP/1.1" 200 21273 "http://localhost:3000/boms" "Mozilla/5.0 (Windows NT 6.1; WOW64) AppleWebKit/537.36 (KHTML, like Gecko) Chrome/72.0.3626.121 Safari/537.36"
[2019-04-06T14:43:49.218] [INFO] access - ::1 - - "GET /api/bom/del/5ca84a8648018025c81ba1b8 HTTP/1.1" 200 46 "http://localhost:3000/boms" "Mozilla/5.0 (Windows NT 6.1; WOW64) AppleWebKit/537.36 (KHTML, like Gecko) Chrome/72.0.3626.121 Safari/537.36"
[2019-04-06T14:43:49.720] [INFO] access - ::1 - - "GET /api/bom/del/5ca84a746cfa6c2f6c9c7f33 HTTP/1.1" 200 46 "http://localhost:3000/boms" "Mozilla/5.0 (Windows NT 6.1; WOW64) AppleWebKit/537.36 (KHTML, like Gecko) Chrome/72.0.3626.121 Safari/537.36"
[2019-04-06T14:43:49.897] [INFO] access - ::1 - - "GET /api/bom/del/5ca84a48b1f9d9225c0bb670 HTTP/1.1" 200 46 "http://localhost:3000/boms" "Mozilla/5.0 (Windows NT 6.1; WOW64) AppleWebKit/537.36 (KHTML, like Gecko) Chrome/72.0.3626.121 Safari/537.36"
[2019-04-06T14:43:50.090] [INFO] access - ::1 - - "GET /api/bom/del/5ca849f10fcad30a9819d8a5 HTTP/1.1" 200 46 "http://localhost:3000/boms" "Mozilla/5.0 (Windows NT 6.1; WOW64) AppleWebKit/537.36 (KHTML, like Gecko) Chrome/72.0.3626.121 Safari/537.36"
[2019-04-06T14:43:50.273] [INFO] access - ::1 - - "GET /api/bom/del/5ca849729684e52dfc8f1e20 HTTP/1.1" 200 46 "http://localhost:3000/boms" "Mozilla/5.0 (Windows NT 6.1; WOW64) AppleWebKit/537.36 (KHTML, like Gecko) Chrome/72.0.3626.121 Safari/537.36"
[2019-04-06T14:43:50.465] [INFO] access - ::1 - - "GET /api/bom/del/5ca848f31d98e62814d84efe HTTP/1.1" 200 46 "http://localhost:3000/boms" "Mozilla/5.0 (Windows NT 6.1; WOW64) AppleWebKit/537.36 (KHTML, like Gecko) Chrome/72.0.3626.121 Safari/537.36"
[2019-04-06T14:43:50.661] [INFO] access - ::1 - - "GET /api/bom/del/5ca8479825c3432810027ece HTTP/1.1" 200 46 "http://localhost:3000/boms" "Mozilla/5.0 (Windows NT 6.1; WOW64) AppleWebKit/537.36 (KHTML, like Gecko) Chrome/72.0.3626.121 Safari/537.36"
[2019-04-06T14:43:50.845] [INFO] access - ::1 - - "GET /api/bom/del/5ca8476fcf8934266c5b38f9 HTTP/1.1" 200 46 "http://localhost:3000/boms" "Mozilla/5.0 (Windows NT 6.1; WOW64) AppleWebKit/537.36 (KHTML, like Gecko) Chrome/72.0.3626.121 Safari/537.36"
[2019-04-06T14:43:51.035] [INFO] access - ::1 - - "GET /api/bom/del/5ca84745c61c7714948c87c6 HTTP/1.1" 200 46 "http://localhost:3000/boms" "Mozilla/5.0 (Windows NT 6.1; WOW64) AppleWebKit/537.36 (KHTML, like Gecko) Chrome/72.0.3626.121 Safari/537.36"
[2019-04-06T14:43:51.223] [INFO] access - ::1 - - "GET /api/bom/del/5ca845c63f5b80273cf9ec03 HTTP/1.1" 200 46 "http://localhost:3000/boms" "Mozilla/5.0 (Windows NT 6.1; WOW64) AppleWebKit/537.36 (KHTML, like Gecko) Chrome/72.0.3626.121 Safari/537.36"
[2019-04-06T14:43:51.413] [INFO] access - ::1 - - "GET /api/bom/del/5ca845a9253e43299cf1354b HTTP/1.1" 200 46 "http://localhost:3000/boms" "Mozilla/5.0 (Windows NT 6.1; WOW64) AppleWebKit/537.36 (KHTML, like Gecko) Chrome/72.0.3626.121 Safari/537.36"
[2019-04-06T14:43:51.601] [INFO] access - ::1 - - "GET /api/bom/del/5ca8457378101a225c65b064 HTTP/1.1" 200 46 "http://localhost:3000/boms" "Mozilla/5.0 (Windows NT 6.1; WOW64) AppleWebKit/537.36 (KHTML, like Gecko) Chrome/72.0.3626.121 Safari/537.36"
[2019-04-06T14:43:51.788] [INFO] access - ::1 - - "GET /api/bom/del/5ca84553bb16212500a47f62 HTTP/1.1" 200 46 "http://localhost:3000/boms" "Mozilla/5.0 (Windows NT 6.1; WOW64) AppleWebKit/537.36 (KHTML, like Gecko) Chrome/72.0.3626.121 Safari/537.36"
[2019-04-06T14:43:51.975] [INFO] access - ::1 - - "GET /api/bom/del/5ca844b8558e6a22a03f0f06 HTTP/1.1" 200 46 "http://localhost:3000/boms" "Mozilla/5.0 (Windows NT 6.1; WOW64) AppleWebKit/537.36 (KHTML, like Gecko) Chrome/72.0.3626.121 Safari/537.36"
[2019-04-06T14:43:52.152] [INFO] access - ::1 - - "GET /api/bom/del/5ca840618505d5058476a189 HTTP/1.1" 200 46 "http://localhost:3000/boms" "Mozilla/5.0 (Windows NT 6.1; WOW64) AppleWebKit/537.36 (KHTML, like Gecko) Chrome/72.0.3626.121 Safari/537.36"
[2019-04-06T14:43:52.333] [INFO] access - ::1 - - "GET /api/bom/del/5ca836cc1bb42c2048978716 HTTP/1.1" 200 46 "http://localhost:3000/boms" "Mozilla/5.0 (Windows NT 6.1; WOW64) AppleWebKit/537.36 (KHTML, like Gecko) Chrome/72.0.3626.121 Safari/537.36"
[2019-04-06T14:43:52.521] [INFO] access - ::1 - - "GET /api/bom/del/5ca836a7619d0c0b784f3410 HTTP/1.1" 200 46 "http://localhost:3000/boms" "Mozilla/5.0 (Windows NT 6.1; WOW64) AppleWebKit/537.36 (KHTML, like Gecko) Chrome/72.0.3626.121 Safari/537.36"
[2019-04-06T14:43:52.911] [INFO] access - ::1 - - "GET /api/bom/del/5ca8367f6436c6092803643d HTTP/1.1" 200 46 "http://localhost:3000/boms" "Mozilla/5.0 (Windows NT 6.1; WOW64) AppleWebKit/537.36 (KHTML, like Gecko) Chrome/72.0.3626.121 Safari/537.36"
[2019-04-06T14:43:53.102] [INFO] access - ::1 - - "GET /api/bom/del/5ca81a5ce2257b28c4068dfd HTTP/1.1" 200 46 "http://localhost:3000/boms" "Mozilla/5.0 (Windows NT 6.1; WOW64) AppleWebKit/537.36 (KHTML, like Gecko) Chrome/72.0.3626.121 Safari/537.36"
[2019-04-06T14:43:53.289] [INFO] access - ::1 - - "GET /api/bom/del/5ca81a48123f6415a8c366a1 HTTP/1.1" 200 46 "http://localhost:3000/boms" "Mozilla/5.0 (Windows NT 6.1; WOW64) AppleWebKit/537.36 (KHTML, like Gecko) Chrome/72.0.3626.121 Safari/537.36"
[2019-04-06T14:43:53.464] [INFO] access - ::1 - - "GET /api/bom/del/5ca81a1a5d30211dd0caf43a HTTP/1.1" 200 46 "http://localhost:3000/boms" "Mozilla/5.0 (Windows NT 6.1; WOW64) AppleWebKit/537.36 (KHTML, like Gecko) Chrome/72.0.3626.121 Safari/537.36"
[2019-04-06T14:43:53.658] [INFO] access - ::1 - - "GET /api/bom/del/5ca819eff38860154459eee0 HTTP/1.1" 200 46 "http://localhost:3000/boms" "Mozilla/5.0 (Windows NT 6.1; WOW64) AppleWebKit/537.36 (KHTML, like Gecko) Chrome/72.0.3626.121 Safari/537.36"
[2019-04-06T14:43:53.874] [INFO] access - ::1 - - "GET /api/bom/del/5ca819806088d81b186ffbf2 HTTP/1.1" 200 46 "http://localhost:3000/boms" "Mozilla/5.0 (Windows NT 6.1; WOW64) AppleWebKit/537.36 (KHTML, like Gecko) Chrome/72.0.3626.121 Safari/537.36"
[2019-04-06T14:43:54.073] [INFO] access - ::1 - - "GET /api/bom/del/5ca81965114b9226e4fb2806 HTTP/1.1" 200 46 "http://localhost:3000/boms" "Mozilla/5.0 (Windows NT 6.1; WOW64) AppleWebKit/537.36 (KHTML, like Gecko) Chrome/72.0.3626.121 Safari/537.36"
[2019-04-06T14:43:54.269] [INFO] access - ::1 - - "GET /api/bom/del/5ca819494123f71230c1ca6c HTTP/1.1" 200 46 "http://localhost:3000/boms" "Mozilla/5.0 (Windows NT 6.1; WOW64) AppleWebKit/537.36 (KHTML, like Gecko) Chrome/72.0.3626.121 Safari/537.36"
[2019-04-06T14:43:54.453] [INFO] access - ::1 - - "GET /api/bom/del/5ca81924b6416c1f801ed0aa HTTP/1.1" 200 46 "http://localhost:3000/boms" "Mozilla/5.0 (Windows NT 6.1; WOW64) AppleWebKit/537.36 (KHTML, like Gecko) Chrome/72.0.3626.121 Safari/537.36"
[2019-04-06T14:43:54.637] [INFO] access - ::1 - - "GET /api/bom/del/5ca81909b5bb2526a8e843ce HTTP/1.1" 200 46 "http://localhost:3000/boms" "Mozilla/5.0 (Windows NT 6.1; WOW64) AppleWebKit/537.36 (KHTML, like Gecko) Chrome/72.0.3626.121 Safari/537.36"
[2019-04-06T14:43:54.820] [INFO] access - ::1 - - "GET /api/bom/del/5ca81897212a0021181a2832 HTTP/1.1" 200 46 "http://localhost:3000/boms" "Mozilla/5.0 (Windows NT 6.1; WOW64) AppleWebKit/537.36 (KHTML, like Gecko) Chrome/72.0.3626.121 Safari/537.36"
[2019-04-06T14:43:55.003] [INFO] access - ::1 - - "GET /api/bom/del/5ca8185ed2c36b26c4b57d87 HTTP/1.1" 200 46 "http://localhost:3000/boms" "Mozilla/5.0 (Windows NT 6.1; WOW64) AppleWebKit/537.36 (KHTML, like Gecko) Chrome/72.0.3626.121 Safari/537.36"
[2019-04-06T14:43:55.195] [INFO] access - ::1 - - "GET /api/bom/del/5ca8180013da23191c9576f3 HTTP/1.1" 200 46 "http://localhost:3000/boms" "Mozilla/5.0 (Windows NT 6.1; WOW64) AppleWebKit/537.36 (KHTML, like Gecko) Chrome/72.0.3626.121 Safari/537.36"
[2019-04-06T14:43:55.377] [INFO] access - ::1 - - "GET /api/bom/del/5ca817c456ac4b1d78e5c7a9 HTTP/1.1" 200 46 "http://localhost:3000/boms" "Mozilla/5.0 (Windows NT 6.1; WOW64) AppleWebKit/537.36 (KHTML, like Gecko) Chrome/72.0.3626.121 Safari/537.36"
[2019-04-06T14:43:55.569] [INFO] access - ::1 - - "GET /api/bom/del/5ca817a69c7a5a27c46e1890 HTTP/1.1" 200 46 "http://localhost:3000/boms" "Mozilla/5.0 (Windows NT 6.1; WOW64) AppleWebKit/537.36 (KHTML, like Gecko) Chrome/72.0.3626.121 Safari/537.36"
[2019-04-06T14:43:55.768] [INFO] access - ::1 - - "GET /api/bom/del/5ca81735f21bf221f0b4ca11 HTTP/1.1" 200 46 "http://localhost:3000/boms" "Mozilla/5.0 (Windows NT 6.1; WOW64) AppleWebKit/537.36 (KHTML, like Gecko) Chrome/72.0.3626.121 Safari/537.36"
[2019-04-06T14:43:55.977] [INFO] access - ::1 - - "GET /api/bom/del/5ca816c4420d6714c86978cd HTTP/1.1" 200 46 "http://localhost:3000/boms" "Mozilla/5.0 (Windows NT 6.1; WOW64) AppleWebKit/537.36 (KHTML, like Gecko) Chrome/72.0.3626.121 Safari/537.36"
[2019-04-06T14:43:56.164] [INFO] access - ::1 - - "GET /api/bom/del/5ca816b605211326cc30b811 HTTP/1.1" 200 46 "http://localhost:3000/boms" "Mozilla/5.0 (Windows NT 6.1; WOW64) AppleWebKit/537.36 (KHTML, like Gecko) Chrome/72.0.3626.121 Safari/537.36"
[2019-04-06T14:43:56.356] [INFO] access - ::1 - - "GET /api/bom/del/5ca816a90eb87e0b84a0915d HTTP/1.1" 200 46 "http://localhost:3000/boms" "Mozilla/5.0 (Windows NT 6.1; WOW64) AppleWebKit/537.36 (KHTML, like Gecko) Chrome/72.0.3626.121 Safari/537.36"
[2019-04-06T14:43:56.556] [INFO] access - ::1 - - "GET /api/bom/del/5ca8162c5b1ed614b418343e HTTP/1.1" 200 46 "http://localhost:3000/boms" "Mozilla/5.0 (Windows NT 6.1; WOW64) AppleWebKit/537.36 (KHTML, like Gecko) Chrome/72.0.3626.121 Safari/537.36"
[2019-04-06T14:43:56.765] [INFO] access - ::1 - - "GET /api/bom/del/5ca815ff5fdb2327b81ac850 HTTP/1.1" 200 46 "http://localhost:3000/boms" "Mozilla/5.0 (Windows NT 6.1; WOW64) AppleWebKit/537.36 (KHTML, like Gecko) Chrome/72.0.3626.121 Safari/537.36"
[2019-04-06T14:43:56.964] [INFO] access - ::1 - - "GET /api/bom/del/5ca815eccab057274464d8d4 HTTP/1.1" 200 46 "http://localhost:3000/boms" "Mozilla/5.0 (Windows NT 6.1; WOW64) AppleWebKit/537.36 (KHTML, like Gecko) Chrome/72.0.3626.121 Safari/537.36"
[2019-04-06T14:43:57.154] [INFO] access - ::1 - - "GET /api/bom/del/5ca815afa1e24027c44f12c1 HTTP/1.1" 200 46 "http://localhost:3000/boms" "Mozilla/5.0 (Windows NT 6.1; WOW64) AppleWebKit/537.36 (KHTML, like Gecko) Chrome/72.0.3626.121 Safari/537.36"
[2019-04-06T14:43:57.363] [INFO] access - ::1 - - "GET /api/bom/del/5ca815979860e42594d10c4c HTTP/1.1" 200 46 "http://localhost:3000/boms" "Mozilla/5.0 (Windows NT 6.1; WOW64) AppleWebKit/537.36 (KHTML, like Gecko) Chrome/72.0.3626.121 Safari/537.36"
[2019-04-06T14:43:57.570] [INFO] access - ::1 - - "GET /api/bom/del/5ca815705718f1213c26da9d HTTP/1.1" 200 46 "http://localhost:3000/boms" "Mozilla/5.0 (Windows NT 6.1; WOW64) AppleWebKit/537.36 (KHTML, like Gecko) Chrome/72.0.3626.121 Safari/537.36"
[2019-04-06T14:43:57.771] [INFO] access - ::1 - - "GET /api/bom/del/5ca814e7f4e0750fdc987079 HTTP/1.1" 200 46 "http://localhost:3000/boms" "Mozilla/5.0 (Windows NT 6.1; WOW64) AppleWebKit/537.36 (KHTML, like Gecko) Chrome/72.0.3626.121 Safari/537.36"
[2019-04-06T14:43:57.970] [INFO] access - ::1 - - "GET /api/bom/del/5ca814cabf6836243874bf5b HTTP/1.1" 200 46 "http://localhost:3000/boms" "Mozilla/5.0 (Windows NT 6.1; WOW64) AppleWebKit/537.36 (KHTML, like Gecko) Chrome/72.0.3626.121 Safari/537.36"
[2019-04-06T14:43:58.171] [INFO] access - ::1 - - "GET /api/bom/del/5ca814830e83ed11fc69d2e4 HTTP/1.1" 200 46 "http://localhost:3000/boms" "Mozilla/5.0 (Windows NT 6.1; WOW64) AppleWebKit/537.36 (KHTML, like Gecko) Chrome/72.0.3626.121 Safari/537.36"
[2019-04-06T14:43:58.386] [INFO] access - ::1 - - "GET /api/bom/del/5ca8115681881a222c956770 HTTP/1.1" 200 46 "http://localhost:3000/boms" "Mozilla/5.0 (Windows NT 6.1; WOW64) AppleWebKit/537.36 (KHTML, like Gecko) Chrome/72.0.3626.121 Safari/537.36"
[2019-04-06T14:43:58.586] [INFO] access - ::1 - - "GET /api/bom/del/5ca810e4a9f394192cd38893 HTTP/1.1" 200 46 "http://localhost:3000/boms" "Mozilla/5.0 (Windows NT 6.1; WOW64) AppleWebKit/537.36 (KHTML, like Gecko) Chrome/72.0.3626.121 Safari/537.36"
[2019-04-06T14:43:58.781] [INFO] access - ::1 - - "GET /api/bom/del/5ca810c9febdff123cbfef20 HTTP/1.1" 200 46 "http://localhost:3000/boms" "Mozilla/5.0 (Windows NT 6.1; WOW64) AppleWebKit/537.36 (KHTML, like Gecko) Chrome/72.0.3626.121 Safari/537.36"
[2019-04-06T14:43:58.987] [INFO] access - ::1 - - "GET /api/bom/del/5ca810a904dd7e20e462a200 HTTP/1.1" 200 46 "http://localhost:3000/boms" "Mozilla/5.0 (Windows NT 6.1; WOW64) AppleWebKit/537.36 (KHTML, like Gecko) Chrome/72.0.3626.121 Safari/537.36"
[2019-04-06T14:43:59.178] [INFO] access - ::1 - - "GET /api/bom/del/5ca8107c0899e31fe0708a4a HTTP/1.1" 200 46 "http://localhost:3000/boms" "Mozilla/5.0 (Windows NT 6.1; WOW64) AppleWebKit/537.36 (KHTML, like Gecko) Chrome/72.0.3626.121 Safari/537.36"
[2019-04-06T14:43:59.378] [INFO] access - ::1 - - "GET /api/bom/del/5ca80fed2f8eaf24cc82164b HTTP/1.1" 200 46 "http://localhost:3000/boms" "Mozilla/5.0 (Windows NT 6.1; WOW64) AppleWebKit/537.36 (KHTML, like Gecko) Chrome/72.0.3626.121 Safari/537.36"
[2019-04-06T14:43:59.578] [INFO] access - ::1 - - "GET /api/bom/del/5ca80fa461cf6418a865afef HTTP/1.1" 200 46 "http://localhost:3000/boms" "Mozilla/5.0 (Windows NT 6.1; WOW64) AppleWebKit/537.36 (KHTML, like Gecko) Chrome/72.0.3626.121 Safari/537.36"
[2019-04-06T14:43:59.778] [INFO] access - ::1 - - "GET /api/bom/del/5ca80f909d066924ecc088d7 HTTP/1.1" 200 46 "http://localhost:3000/boms" "Mozilla/5.0 (Windows NT 6.1; WOW64) AppleWebKit/537.36 (KHTML, like Gecko) Chrome/72.0.3626.121 Safari/537.36"
[2019-04-06T14:43:59.994] [INFO] access - ::1 - - "GET /api/bom/del/5ca80ddc41bf7711c07b5d5d HTTP/1.1" 200 46 "http://localhost:3000/boms" "Mozilla/5.0 (Windows NT 6.1; WOW64) AppleWebKit/537.36 (KHTML, like Gecko) Chrome/72.0.3626.121 Safari/537.36"
[2019-04-06T14:44:00.508] [INFO] access - ::1 - - "GET /api/bom/del/5ca80d0b90388d2544618529 HTTP/1.1" 200 46 "http://localhost:3000/boms" "Mozilla/5.0 (Windows NT 6.1; WOW64) AppleWebKit/537.36 (KHTML, like Gecko) Chrome/72.0.3626.121 Safari/537.36"
[2019-04-06T14:44:00.706] [INFO] access - ::1 - - "GET /api/bom/del/5ca80cefce7ea3208c3a5b12 HTTP/1.1" 200 46 "http://localhost:3000/boms" "Mozilla/5.0 (Windows NT 6.1; WOW64) AppleWebKit/537.36 (KHTML, like Gecko) Chrome/72.0.3626.121 Safari/537.36"
[2019-04-06T14:44:00.917] [INFO] access - ::1 - - "GET /api/bom/del/5ca80cdcaea6a624146e28d2 HTTP/1.1" 200 46 "http://localhost:3000/boms" "Mozilla/5.0 (Windows NT 6.1; WOW64) AppleWebKit/537.36 (KHTML, like Gecko) Chrome/72.0.3626.121 Safari/537.36"
[2019-04-06T14:44:01.129] [INFO] access - ::1 - - "GET /api/bom/del/5ca80cbacdd84f1e4411f834 HTTP/1.1" 200 46 "http://localhost:3000/boms" "Mozilla/5.0 (Windows NT 6.1; WOW64) AppleWebKit/537.36 (KHTML, like Gecko) Chrome/72.0.3626.121 Safari/537.36"
[2019-04-06T14:44:01.336] [INFO] access - ::1 - - "GET /api/bom/del/5ca80c956792311bb0930bb1 HTTP/1.1" 200 46 "http://localhost:3000/boms" "Mozilla/5.0 (Windows NT 6.1; WOW64) AppleWebKit/537.36 (KHTML, like Gecko) Chrome/72.0.3626.121 Safari/537.36"
[2019-04-06T14:44:01.539] [INFO] access - ::1 - - "GET /api/bom/del/5ca80c13c7c28726bcd4a8fe HTTP/1.1" 200 46 "http://localhost:3000/boms" "Mozilla/5.0 (Windows NT 6.1; WOW64) AppleWebKit/537.36 (KHTML, like Gecko) Chrome/72.0.3626.121 Safari/537.36"
[2019-04-06T14:44:01.744] [INFO] access - ::1 - - "GET /api/bom/del/5ca80bd7c5ab8e2434a13cba HTTP/1.1" 200 46 "http://localhost:3000/boms" "Mozilla/5.0 (Windows NT 6.1; WOW64) AppleWebKit/537.36 (KHTML, like Gecko) Chrome/72.0.3626.121 Safari/537.36"
[2019-04-06T14:44:01.947] [INFO] access - ::1 - - "GET /api/bom/del/5ca80b926177132278be801a HTTP/1.1" 200 46 "http://localhost:3000/boms" "Mozilla/5.0 (Windows NT 6.1; WOW64) AppleWebKit/537.36 (KHTML, like Gecko) Chrome/72.0.3626.121 Safari/537.36"
[2019-04-06T14:44:02.156] [INFO] access - ::1 - - "GET /api/bom/del/5ca77b1b7800bb29289404d1 HTTP/1.1" 200 46 "http://localhost:3000/boms" "Mozilla/5.0 (Windows NT 6.1; WOW64) AppleWebKit/537.36 (KHTML, like Gecko) Chrome/72.0.3626.121 Safari/537.36"
[2019-04-06T14:44:02.346] [INFO] access - ::1 - - "GET /api/bom/del/5ca77b167800bb29289404d0 HTTP/1.1" 200 46 "http://localhost:3000/boms" "Mozilla/5.0 (Windows NT 6.1; WOW64) AppleWebKit/537.36 (KHTML, like Gecko) Chrome/72.0.3626.121 Safari/537.36"
[2019-04-06T14:44:02.547] [INFO] access - ::1 - - "GET /api/bom/del/5ca77af5f8da262da807ef09 HTTP/1.1" 200 46 "http://localhost:3000/boms" "Mozilla/5.0 (Windows NT 6.1; WOW64) AppleWebKit/537.36 (KHTML, like Gecko) Chrome/72.0.3626.121 Safari/537.36"
[2019-04-06T14:44:03.026] [INFO] access - ::1 - - "GET /api/bom/del/5ca77ae2f8da262da807ef08 HTTP/1.1" 200 46 "http://localhost:3000/boms" "Mozilla/5.0 (Windows NT 6.1; WOW64) AppleWebKit/537.36 (KHTML, like Gecko) Chrome/72.0.3626.121 Safari/537.36"
[2019-04-06T14:44:03.225] [INFO] access - ::1 - - "GET /api/bom/del/5ca77aadf8da262da807ef07 HTTP/1.1" 200 46 "http://localhost:3000/boms" "Mozilla/5.0 (Windows NT 6.1; WOW64) AppleWebKit/537.36 (KHTML, like Gecko) Chrome/72.0.3626.121 Safari/537.36"
[2019-04-06T14:44:03.433] [INFO] access - ::1 - - "GET /api/bom/del/5ca77a9df8da262da807ef06 HTTP/1.1" 200 46 "http://localhost:3000/boms" "Mozilla/5.0 (Windows NT 6.1; WOW64) AppleWebKit/537.36 (KHTML, like Gecko) Chrome/72.0.3626.121 Safari/537.36"
[2019-04-06T14:44:03.626] [INFO] access - ::1 - - "GET /api/bom/del/5ca77a92f8da262da807ef05 HTTP/1.1" 200 46 "http://localhost:3000/boms" "Mozilla/5.0 (Windows NT 6.1; WOW64) AppleWebKit/537.36 (KHTML, like Gecko) Chrome/72.0.3626.121 Safari/537.36"
[2019-04-06T14:44:03.824] [INFO] access - ::1 - - "GET /api/bom/del/5ca77a16e181721808d1c789 HTTP/1.1" 200 46 "http://localhost:3000/boms" "Mozilla/5.0 (Windows NT 6.1; WOW64) AppleWebKit/537.36 (KHTML, like Gecko) Chrome/72.0.3626.121 Safari/537.36"
[2019-04-06T14:44:04.025] [INFO] access - ::1 - - "GET /api/bom/del/5ca779f4ef8dca2c788b2993 HTTP/1.1" 200 46 "http://localhost:3000/boms" "Mozilla/5.0 (Windows NT 6.1; WOW64) AppleWebKit/537.36 (KHTML, like Gecko) Chrome/72.0.3626.121 Safari/537.36"
[2019-04-06T14:44:04.221] [INFO] access - ::1 - - "GET /api/bom/del/5ca779d08be4f92d48b502c9 HTTP/1.1" 200 46 "http://localhost:3000/boms" "Mozilla/5.0 (Windows NT 6.1; WOW64) AppleWebKit/537.36 (KHTML, like Gecko) Chrome/72.0.3626.121 Safari/537.36"
[2019-04-06T14:44:04.409] [INFO] access - ::1 - - "GET /api/bom/del/5ca779b743b9dd2ed092e26a HTTP/1.1" 200 46 "http://localhost:3000/boms" "Mozilla/5.0 (Windows NT 6.1; WOW64) AppleWebKit/537.36 (KHTML, like Gecko) Chrome/72.0.3626.121 Safari/537.36"
[2019-04-06T14:44:04.626] [INFO] access - ::1 - - "GET /api/bom/del/5ca7799f5e749e2da8eafb64 HTTP/1.1" 200 46 "http://localhost:3000/boms" "Mozilla/5.0 (Windows NT 6.1; WOW64) AppleWebKit/537.36 (KHTML, like Gecko) Chrome/72.0.3626.121 Safari/537.36"
[2019-04-06T14:44:04.820] [INFO] access - ::1 - - "GET /api/bom/del/5ca779946067440d20a7d51d HTTP/1.1" 200 46 "http://localhost:3000/boms" "Mozilla/5.0 (Windows NT 6.1; WOW64) AppleWebKit/537.36 (KHTML, like Gecko) Chrome/72.0.3626.121 Safari/537.36"
[2019-04-06T14:44:05.023] [INFO] access - ::1 - - "GET /api/bom/del/5ca779759cbf6729d4607acc HTTP/1.1" 200 46 "http://localhost:3000/boms" "Mozilla/5.0 (Windows NT 6.1; WOW64) AppleWebKit/537.36 (KHTML, like Gecko) Chrome/72.0.3626.121 Safari/537.36"
[2019-04-06T14:44:05.218] [INFO] access - ::1 - - "GET /api/bom/del/5ca77500ccc8e82774518b99 HTTP/1.1" 200 46 "http://localhost:3000/boms" "Mozilla/5.0 (Windows NT 6.1; WOW64) AppleWebKit/537.36 (KHTML, like Gecko) Chrome/72.0.3626.121 Safari/537.36"
[2019-04-06T14:44:05.419] [INFO] access - ::1 - - "GET /api/bom/del/5ca774dd3c992b2be037d533 HTTP/1.1" 200 46 "http://localhost:3000/boms" "Mozilla/5.0 (Windows NT 6.1; WOW64) AppleWebKit/537.36 (KHTML, like Gecko) Chrome/72.0.3626.121 Safari/537.36"
[2019-04-06T14:44:05.618] [INFO] access - ::1 - - "GET /api/bom/del/5ca774a4cf1d0d166c60b995 HTTP/1.1" 200 46 "http://localhost:3000/boms" "Mozilla/5.0 (Windows NT 6.1; WOW64) AppleWebKit/537.36 (KHTML, like Gecko) Chrome/72.0.3626.121 Safari/537.36"
[2019-04-06T14:44:05.819] [INFO] access - ::1 - - "GET /api/bom/del/5ca77321a38ab022a0077354 HTTP/1.1" 200 46 "http://localhost:3000/boms" "Mozilla/5.0 (Windows NT 6.1; WOW64) AppleWebKit/537.36 (KHTML, like Gecko) Chrome/72.0.3626.121 Safari/537.36"
[2019-04-06T14:44:06.026] [INFO] access - ::1 - - "GET /api/bom/del/5ca772fe909f5024a059df2e HTTP/1.1" 200 46 "http://localhost:3000/boms" "Mozilla/5.0 (Windows NT 6.1; WOW64) AppleWebKit/537.36 (KHTML, like Gecko) Chrome/72.0.3626.121 Safari/537.36"
[2019-04-06T14:44:06.226] [INFO] access - ::1 - - "GET /api/bom/del/5ca772934658ff2024ffd48d HTTP/1.1" 200 46 "http://localhost:3000/boms" "Mozilla/5.0 (Windows NT 6.1; WOW64) AppleWebKit/537.36 (KHTML, like Gecko) Chrome/72.0.3626.121 Safari/537.36"
[2019-04-06T14:44:06.419] [INFO] access - ::1 - - "GET /api/bom/del/5ca7727dd8682e2c406fc69a HTTP/1.1" 200 46 "http://localhost:3000/boms" "Mozilla/5.0 (Windows NT 6.1; WOW64) AppleWebKit/537.36 (KHTML, like Gecko) Chrome/72.0.3626.121 Safari/537.36"
[2019-04-06T14:44:06.623] [INFO] access - ::1 - - "GET /api/bom/del/5ca77243d00f402da801330b HTTP/1.1" 200 46 "http://localhost:3000/boms" "Mozilla/5.0 (Windows NT 6.1; WOW64) AppleWebKit/537.36 (KHTML, like Gecko) Chrome/72.0.3626.121 Safari/537.36"
[2019-04-06T14:44:06.809] [INFO] access - ::1 - - "GET /api/bom/del/5ca7721ff8478a1e44790e73 HTTP/1.1" 200 46 "http://localhost:3000/boms" "Mozilla/5.0 (Windows NT 6.1; WOW64) AppleWebKit/537.36 (KHTML, like Gecko) Chrome/72.0.3626.121 Safari/537.36"
[2019-04-06T14:44:07.011] [INFO] access - ::1 - - "GET /api/bom/del/5ca77201e9de4928500d1430 HTTP/1.1" 200 46 "http://localhost:3000/boms" "Mozilla/5.0 (Windows NT 6.1; WOW64) AppleWebKit/537.36 (KHTML, like Gecko) Chrome/72.0.3626.121 Safari/537.36"
[2019-04-06T14:44:07.208] [INFO] access - ::1 - - "GET /api/bom/del/5ca771b70005931a00b034a0 HTTP/1.1" 200 46 "http://localhost:3000/boms" "Mozilla/5.0 (Windows NT 6.1; WOW64) AppleWebKit/537.36 (KHTML, like Gecko) Chrome/72.0.3626.121 Safari/537.36"
[2019-04-06T14:44:07.411] [INFO] access - ::1 - - "GET /api/bom/del/5ca77199868020256867fb17 HTTP/1.1" 200 46 "http://localhost:3000/boms" "Mozilla/5.0 (Windows NT 6.1; WOW64) AppleWebKit/537.36 (KHTML, like Gecko) Chrome/72.0.3626.121 Safari/537.36"
[2019-04-06T14:44:07.611] [INFO] access - ::1 - - "GET /api/bom/del/5ca7716d7810d41a50dd1ead HTTP/1.1" 200 46 "http://localhost:3000/boms" "Mozilla/5.0 (Windows NT 6.1; WOW64) AppleWebKit/537.36 (KHTML, like Gecko) Chrome/72.0.3626.121 Safari/537.36"
[2019-04-06T14:44:07.826] [INFO] access - ::1 - - "GET /api/bom/del/5ca77145e8188b253c91bb27 HTTP/1.1" 200 46 "http://localhost:3000/boms" "Mozilla/5.0 (Windows NT 6.1; WOW64) AppleWebKit/537.36 (KHTML, like Gecko) Chrome/72.0.3626.121 Safari/537.36"
[2019-04-06T14:44:08.026] [INFO] access - ::1 - - "GET /api/bom/del/5ca77121a68e322494de94ec HTTP/1.1" 200 46 "http://localhost:3000/boms" "Mozilla/5.0 (Windows NT 6.1; WOW64) AppleWebKit/537.36 (KHTML, like Gecko) Chrome/72.0.3626.121 Safari/537.36"
[2019-04-06T14:44:08.225] [INFO] access - ::1 - - "GET /api/bom/del/5ca77108649f9b16ac0baca4 HTTP/1.1" 200 46 "http://localhost:3000/boms" "Mozilla/5.0 (Windows NT 6.1; WOW64) AppleWebKit/537.36 (KHTML, like Gecko) Chrome/72.0.3626.121 Safari/537.36"
[2019-04-06T14:44:08.421] [INFO] access - ::1 - - "GET /api/bom/del/5ca770ccd6865c0ddcc66874 HTTP/1.1" 200 46 "http://localhost:3000/boms" "Mozilla/5.0 (Windows NT 6.1; WOW64) AppleWebKit/537.36 (KHTML, like Gecko) Chrome/72.0.3626.121 Safari/537.36"
[2019-04-06T14:44:08.808] [INFO] access - ::1 - - "GET /api/bom/del/5ca7708ea9c5e1237477d141 HTTP/1.1" 200 46 "http://localhost:3000/boms" "Mozilla/5.0 (Windows NT 6.1; WOW64) AppleWebKit/537.36 (KHTML, like Gecko) Chrome/72.0.3626.121 Safari/537.36"
[2019-04-06T14:44:09.002] [INFO] access - ::1 - - "GET /api/bom/del/5ca7705b46e328175821f9a0 HTTP/1.1" 200 46 "http://localhost:3000/boms" "Mozilla/5.0 (Windows NT 6.1; WOW64) AppleWebKit/537.36 (KHTML, like Gecko) Chrome/72.0.3626.121 Safari/537.36"
[2019-04-06T14:44:09.203] [INFO] access - ::1 - - "GET /api/bom/del/5ca7700f6401fa2184c109cb HTTP/1.1" 200 46 "http://localhost:3000/boms" "Mozilla/5.0 (Windows NT 6.1; WOW64) AppleWebKit/537.36 (KHTML, like Gecko) Chrome/72.0.3626.121 Safari/537.36"
[2019-04-06T14:44:09.402] [INFO] access - ::1 - - "GET /api/bom/del/5ca76fee1915f721b8b828b4 HTTP/1.1" 200 46 "http://localhost:3000/boms" "Mozilla/5.0 (Windows NT 6.1; WOW64) AppleWebKit/537.36 (KHTML, like Gecko) Chrome/72.0.3626.121 Safari/537.36"
[2019-04-06T14:44:09.605] [INFO] access - ::1 - - "GET /api/bom/del/5ca76fb8b22ad9292cc0f3e0 HTTP/1.1" 200 46 "http://localhost:3000/boms" "Mozilla/5.0 (Windows NT 6.1; WOW64) AppleWebKit/537.36 (KHTML, like Gecko) Chrome/72.0.3626.121 Safari/537.36"
[2019-04-06T14:44:09.793] [INFO] access - ::1 - - "GET /api/bom/del/5ca76f86eaa43d29a0e08bbe HTTP/1.1" 200 46 "http://localhost:3000/boms" "Mozilla/5.0 (Windows NT 6.1; WOW64) AppleWebKit/537.36 (KHTML, like Gecko) Chrome/72.0.3626.121 Safari/537.36"
[2019-04-06T14:44:09.994] [INFO] access - ::1 - - "GET /api/bom/del/5ca76f785109611f28043d40 HTTP/1.1" 200 46 "http://localhost:3000/boms" "Mozilla/5.0 (Windows NT 6.1; WOW64) AppleWebKit/537.36 (KHTML, like Gecko) Chrome/72.0.3626.121 Safari/537.36"
[2019-04-06T14:44:10.188] [INFO] access - ::1 - - "GET /api/bom/del/5ca76f0b041247238442bd6f HTTP/1.1" 200 46 "http://localhost:3000/boms" "Mozilla/5.0 (Windows NT 6.1; WOW64) AppleWebKit/537.36 (KHTML, like Gecko) Chrome/72.0.3626.121 Safari/537.36"
[2019-04-06T14:44:10.378] [INFO] access - ::1 - - "GET /api/bom/del/5ca76eeba4509d15ec2a9407 HTTP/1.1" 200 46 "http://localhost:3000/boms" "Mozilla/5.0 (Windows NT 6.1; WOW64) AppleWebKit/537.36 (KHTML, like Gecko) Chrome/72.0.3626.121 Safari/537.36"
[2019-04-06T14:44:10.570] [INFO] access - ::1 - - "GET /api/bom/del/5ca76edf90cc582a90ad9711 HTTP/1.1" 200 46 "http://localhost:3000/boms" "Mozilla/5.0 (Windows NT 6.1; WOW64) AppleWebKit/537.36 (KHTML, like Gecko) Chrome/72.0.3626.121 Safari/537.36"
[2019-04-06T14:44:10.972] [INFO] access - ::1 - - "GET /api/bom/del/5ca76d921400250b2c7b36bc HTTP/1.1" 200 46 "http://localhost:3000/boms" "Mozilla/5.0 (Windows NT 6.1; WOW64) AppleWebKit/537.36 (KHTML, like Gecko) Chrome/72.0.3626.121 Safari/537.36"
[2019-04-06T14:44:11.179] [INFO] access - ::1 - - "GET /api/bom/del/5ca76c52a193542dc0faff9c HTTP/1.1" 200 46 "http://localhost:3000/boms" "Mozilla/5.0 (Windows NT 6.1; WOW64) AppleWebKit/537.36 (KHTML, like Gecko) Chrome/72.0.3626.121 Safari/537.36"
[2019-04-06T14:44:11.352] [INFO] access - ::1 - - "GET /api/bom/del/5ca76c39fe23d22580820be9 HTTP/1.1" 200 46 "http://localhost:3000/boms" "Mozilla/5.0 (Windows NT 6.1; WOW64) AppleWebKit/537.36 (KHTML, like Gecko) Chrome/72.0.3626.121 Safari/537.36"
[2019-04-06T14:44:11.551] [INFO] access - ::1 - - "GET /api/bom/del/5ca76c06df81ad2bdc4eaf57 HTTP/1.1" 200 46 "http://localhost:3000/boms" "Mozilla/5.0 (Windows NT 6.1; WOW64) AppleWebKit/537.36 (KHTML, like Gecko) Chrome/72.0.3626.121 Safari/537.36"
[2019-04-06T14:44:11.930] [INFO] access - ::1 - - "GET /api/bom/del/5ca76b257f458e29847c4ff1 HTTP/1.1" 200 46 "http://localhost:3000/boms" "Mozilla/5.0 (Windows NT 6.1; WOW64) AppleWebKit/537.36 (KHTML, like Gecko) Chrome/72.0.3626.121 Safari/537.36"
[2019-04-06T14:44:12.138] [INFO] access - ::1 - - "GET /api/bom/del/5ca76b185e81452d481ecc0d HTTP/1.1" 200 46 "http://localhost:3000/boms" "Mozilla/5.0 (Windows NT 6.1; WOW64) AppleWebKit/537.36 (KHTML, like Gecko) Chrome/72.0.3626.121 Safari/537.36"
[2019-04-06T14:44:12.329] [INFO] access - ::1 - - "GET /api/bom/del/5ca769f4e8b3d62b906df506 HTTP/1.1" 200 46 "http://localhost:3000/boms" "Mozilla/5.0 (Windows NT 6.1; WOW64) AppleWebKit/537.36 (KHTML, like Gecko) Chrome/72.0.3626.121 Safari/537.36"
[2019-04-06T14:44:12.538] [INFO] access - ::1 - - "GET /api/bom/del/5ca769864ec5cc2e5008fc39 HTTP/1.1" 200 46 "http://localhost:3000/boms" "Mozilla/5.0 (Windows NT 6.1; WOW64) AppleWebKit/537.36 (KHTML, like Gecko) Chrome/72.0.3626.121 Safari/537.36"
[2019-04-06T14:44:12.751] [INFO] access - ::1 - - "GET /api/bom/del/5ca7695a4ec5cc2e5008fc38 HTTP/1.1" 200 46 "http://localhost:3000/boms" "Mozilla/5.0 (Windows NT 6.1; WOW64) AppleWebKit/537.36 (KHTML, like Gecko) Chrome/72.0.3626.121 Safari/537.36"
[2019-04-06T14:44:12.937] [INFO] access - ::1 - - "GET /api/bom/del/5ca76928a76bed27141e591b HTTP/1.1" 200 46 "http://localhost:3000/boms" "Mozilla/5.0 (Windows NT 6.1; WOW64) AppleWebKit/537.36 (KHTML, like Gecko) Chrome/72.0.3626.121 Safari/537.36"
[2019-04-06T14:44:13.144] [INFO] access - ::1 - - "GET /api/bom/del/5ca768e8081f512a9004a6bd HTTP/1.1" 200 46 "http://localhost:3000/boms" "Mozilla/5.0 (Windows NT 6.1; WOW64) AppleWebKit/537.36 (KHTML, like Gecko) Chrome/72.0.3626.121 Safari/537.36"
[2019-04-06T14:44:13.579] [INFO] access - ::1 - - "GET /api/bom/del/5ca7688751d3972ff8ffab50 HTTP/1.1" 200 46 "http://localhost:3000/boms" "Mozilla/5.0 (Windows NT 6.1; WOW64) AppleWebKit/537.36 (KHTML, like Gecko) Chrome/72.0.3626.121 Safari/537.36"
[2019-04-06T14:44:13.802] [INFO] access - ::1 - - "GET /api/bom/del/5ca7685f6ac06d2210a0700f HTTP/1.1" 200 46 "http://localhost:3000/boms" "Mozilla/5.0 (Windows NT 6.1; WOW64) AppleWebKit/537.36 (KHTML, like Gecko) Chrome/72.0.3626.121 Safari/537.36"
[2019-04-06T14:44:14.033] [INFO] access - ::1 - - "GET /api/bom/del/5ca7684c7d8f512c9c71fc50 HTTP/1.1" 200 46 "http://localhost:3000/boms" "Mozilla/5.0 (Windows NT 6.1; WOW64) AppleWebKit/537.36 (KHTML, like Gecko) Chrome/72.0.3626.121 Safari/537.36"
[2019-04-06T14:44:14.264] [INFO] access - ::1 - - "GET /api/bom/del/5ca7678bae78792ca03b1e3b HTTP/1.1" 200 46 "http://localhost:3000/boms" "Mozilla/5.0 (Windows NT 6.1; WOW64) AppleWebKit/537.36 (KHTML, like Gecko) Chrome/72.0.3626.121 Safari/537.36"
[2019-04-06T14:44:14.569] [INFO] access - ::1 - - "GET /api/bom/del/5ca767424a5d892c78516a2f HTTP/1.1" 200 46 "http://localhost:3000/boms" "Mozilla/5.0 (Windows NT 6.1; WOW64) AppleWebKit/537.36 (KHTML, like Gecko) Chrome/72.0.3626.121 Safari/537.36"
[2019-04-06T14:44:14.987] [INFO] access - ::1 - - "GET /api/bom/del/5ca766cfae3c7e2e2c1ca25e HTTP/1.1" 200 46 "http://localhost:3000/boms" "Mozilla/5.0 (Windows NT 6.1; WOW64) AppleWebKit/537.36 (KHTML, like Gecko) Chrome/72.0.3626.121 Safari/537.36"
[2019-04-06T14:44:15.428] [INFO] access - ::1 - - "GET /api/bom/del/5ca766bbe7ff2d28b80dd528 HTTP/1.1" 200 46 "http://localhost:3000/boms" "Mozilla/5.0 (Windows NT 6.1; WOW64) AppleWebKit/537.36 (KHTML, like Gecko) Chrome/72.0.3626.121 Safari/537.36"
[2019-04-06T14:44:16.601] [INFO] access - ::1 - - "GET /api/bom/del/5ca766956087792d187daa5f HTTP/1.1" 200 46 "http://localhost:3000/boms" "Mozilla/5.0 (Windows NT 6.1; WOW64) AppleWebKit/537.36 (KHTML, like Gecko) Chrome/72.0.3626.121 Safari/537.36"
[2019-04-06T14:46:25.045] [INFO] access - ::1 - - "GET /boms123 HTTP/1.1" 200 1317 "" "Mozilla/5.0 (Windows NT 6.1; WOW64) AppleWebKit/537.36 (KHTML, like Gecko) Chrome/72.0.3626.121 Safari/537.36"
[2019-04-06T14:47:41.980] [INFO] access - ::1 - - "GET /boms123 HTTP/1.1" 500 2338 "" "Mozilla/5.0 (Windows NT 6.1; WOW64) AppleWebKit/537.36 (KHTML, like Gecko) Chrome/72.0.3626.121 Safari/537.36"
[2019-04-06T14:48:02.880] [INFO] access - ::1 - - "GET /boms123 HTTP/1.1" 500 2336 "" "Mozilla/5.0 (Windows NT 6.1; WOW64) AppleWebKit/537.36 (KHTML, like Gecko) Chrome/72.0.3626.121 Safari/537.36"
[2019-04-06T14:48:27.414] [INFO] access - ::1 - - "GET /boms123 HTTP/1.1" 200 1317 "" "Mozilla/5.0 (Windows NT 6.1; WOW64) AppleWebKit/537.36 (KHTML, like Gecko) Chrome/72.0.3626.121 Safari/537.36"
[2019-04-06T14:49:12.115] [INFO] access - ::1 - - "GET /boms123 HTTP/1.1" 200 1317 "" "Mozilla/5.0 (Windows NT 6.1; WOW64) AppleWebKit/537.36 (KHTML, like Gecko) Chrome/72.0.3626.121 Safari/537.36"
[2019-04-06T14:50:33.951] [INFO] access - ::1 - - "GET /boms123 HTTP/1.1" 200 1317 "" "Mozilla/5.0 (Windows NT 6.1; WOW64) AppleWebKit/537.36 (KHTML, like Gecko) Chrome/72.0.3626.121 Safari/537.36"
[2019-04-06T14:51:07.653] [INFO] access - ::1 - - "GET /boms123 HTTP/1.1" 200 1317 "" "Mozilla/5.0 (Windows NT 6.1; WOW64) AppleWebKit/537.36 (KHTML, like Gecko) Chrome/72.0.3626.121 Safari/537.36"
[2019-04-06T14:52:35.149] [INFO] access - ::1 - - "GET /boms HTTP/1.1" 200 7776 "" "Mozilla/5.0 (Windows NT 6.1; WOW64) AppleWebKit/537.36 (KHTML, like Gecko) Chrome/72.0.3626.121 Safari/537.36"
[2019-04-06T14:52:35.703] [INFO] access - ::1 - - "GET /api/bom/list HTTP/1.1" 200 781 "http://localhost:3000/boms" "Mozilla/5.0 (Windows NT 6.1; WOW64) AppleWebKit/537.36 (KHTML, like Gecko) Chrome/72.0.3626.121 Safari/537.36"
[2019-04-06T15:11:05.365] [INFO] access - ::1 - - "GET /boms HTTP/1.1" 200 7776 "" "Mozilla/5.0 (Windows NT 6.1; WOW64) AppleWebKit/537.36 (KHTML, like Gecko) Chrome/72.0.3626.121 Safari/537.36"
[2019-04-06T15:11:05.584] [INFO] access - ::1 - - "GET /api/bom/list HTTP/1.1" 200 781 "http://localhost:3000/boms" "Mozilla/5.0 (Windows NT 6.1; WOW64) AppleWebKit/537.36 (KHTML, like Gecko) Chrome/72.0.3626.121 Safari/537.36"
[2019-04-06T15:11:14.030] [INFO] access - ::1 - - "GET / HTTP/1.1" 200 478 "" "Mozilla/5.0 (Windows NT 6.1; WOW64) AppleWebKit/537.36 (KHTML, like Gecko) Chrome/72.0.3626.121 Safari/537.36"
[2019-04-06T15:11:16.252] [INFO] access - ::1 - - "GET /docs HTTP/1.1" 200 3064 "http://localhost:3000/" "Mozilla/5.0 (Windows NT 6.1; WOW64) AppleWebKit/537.36 (KHTML, like Gecko) Chrome/72.0.3626.121 Safari/537.36"
[2019-04-06T15:11:17.506] [INFO] access - ::1 - - "POST /api/list HTTP/1.1" 200 2507 "http://localhost:3000/docs" "Mozilla/5.0 (Windows NT 6.1; WOW64) AppleWebKit/537.36 (KHTML, like Gecko) Chrome/72.0.3626.121 Safari/537.36"
